0 info it worked if it ends with ok
1 verbose cli [ '/Users/robmoffat/Documents/k9/k9-server/target/frontend/node/node',
1 verbose cli   '/Users/robmoffat/Documents/k9/k9-server/target/frontend/node/node_modules/npm/bin/npm-cli.js',
1 verbose cli   'run',
1 verbose cli   'watch' ]
2 info using npm@3.8.3
3 info using node@v5.10.1
4 verbose stack Error: missing script: watch
4 verbose stack     at run (/Users/robmoffat/Documents/k9/k9-server/target/frontend/node/node_modules/npm/lib/run-script.js:147:19)
4 verbose stack     at /Users/robmoffat/Documents/k9/k9-server/target/frontend/node/node_modules/npm/lib/run-script.js:57:5
4 verbose stack     at /Users/robmoffat/Documents/k9/k9-server/target/frontend/node/node_modules/npm/node_modules/read-package-json/read-json.js:345:5
4 verbose stack     at checkBinReferences_ (/Users/robmoffat/Documents/k9/k9-server/target/frontend/node/node_modules/npm/node_modules/read-package-json/read-json.js:309:45)
4 verbose stack     at final (/Users/robmoffat/Documents/k9/k9-server/target/frontend/node/node_modules/npm/node_modules/read-package-json/read-json.js:343:3)
4 verbose stack     at then (/Users/robmoffat/Documents/k9/k9-server/target/frontend/node/node_modules/npm/node_modules/read-package-json/read-json.js:113:5)
4 verbose stack     at ReadFileContext.<anonymous> (/Users/robmoffat/Documents/k9/k9-server/target/frontend/node/node_modules/npm/node_modules/read-package-json/read-json.js:284:20)
4 verbose stack     at ReadFileContext.callback (/Users/robmoffat/Documents/k9/k9-server/target/frontend/node/node_modules/npm/node_modules/graceful-fs/graceful-fs.js:78:16)
4 verbose stack     at FSReqWrap.readFileAfterOpen [as oncomplete] (fs.js:324:13)
5 verbose cwd /Users/robmoffat/Documents/k9/k9-server/src/main/frontend
6 error Darwin 15.4.0
7 error argv "/Users/robmoffat/Documents/k9/k9-server/target/frontend/node/node" "/Users/robmoffat/Documents/k9/k9-server/target/frontend/node/node_modules/npm/bin/npm-cli.js" "run" "watch"
8 error node v5.10.1
9 error npm  v3.8.3
10 error missing script: watch
11 error If you need help, you may report this error at:
11 error     <https://github.com/npm/npm/issues>
12 verbose exit [ 1, true ]
